Performing C SOURCE FILE Test CMAKE_HAVE_LIBC_PTHREAD failed with the following output:
Change Dir: /media/aelysium/Progetti/DS/cmake-build-debug/CMakeFiles/CMakeTmp

Run Build Command(s):/usr/bin/make cmTC_1a21d/fast && /usr/bin/make  -f CMakeFiles/cmTC_1a21d.dir/build.make CMakeFiles/cmTC_1a21d.dir/build
make[1]: ingresso nella directory «/media/aelysium/Progetti/DS/cmake-build-debug/CMakeFiles/CMakeTmp»
Building C object CMakeFiles/cmTC_1a21d.dir/src.c.o
/usr/bin/cc   -DCMAKE_HAVE_LIBC_PTHREAD   -o CMakeFiles/cmTC_1a21d.dir/src.c.o   -c /media/aelysium/Progetti/DS/cmake-build-debug/CMakeFiles/CMakeTmp/src.c
Linking C executable cmTC_1a21d
/snap/clion/126/bin/cmake/linux/bin/cmake -E cmake_link_script CMakeFiles/cmTC_1a21d.dir/link.txt --verbose=1
/usr/bin/cc  -DCMAKE_HAVE_LIBC_PTHREAD    -rdynamic CMakeFiles/cmTC_1a21d.dir/src.c.o  -o cmTC_1a21d 
/usr/bin/ld: CMakeFiles/cmTC_1a21d.dir/src.c.o: in function `main':
src.c:(.text+0x46): undefined reference to `pthread_create'
/usr/bin/ld: src.c:(.text+0x52): undefined reference to `pthread_detach'
/usr/bin/ld: src.c:(.text+0x5e): undefined reference to `pthread_cancel'
/usr/bin/ld: src.c:(.text+0x6f): undefined reference to `pthread_join'
collect2: error: ld returned 1 exit status
make[1]: *** [CMakeFiles/cmTC_1a21d.dir/build.make:107: cmTC_1a21d] Errore 1
make[1]: uscita dalla directory «/media/aelysium/Progetti/DS/cmake-build-debug/CMakeFiles/CMakeTmp»
make: *** [Makefile:141: cmTC_1a21d/fast] Errore 2


Source file was:
#include <pthread.h>

void* test_func(void* data)
{
  return data;
}

int main(void)
{
  pthread_t thread;
  pthread_create(&thread, NULL, test_func, NULL);
  pthread_detach(thread);
  pthread_cancel(thread);
  pthread_join(thread, NULL);
  pthread_atfork(NULL, NULL, NULL);
  pthread_exit(NULL);

  return 0;
}

Determining if the function pthread_create exists in the pthreads failed with the following output:
Change Dir: /media/aelysium/Progetti/DS/cmake-build-debug/CMakeFiles/CMakeTmp

Run Build Command(s):/usr/bin/make cmTC_86716/fast && /usr/bin/make  -f CMakeFiles/cmTC_86716.dir/build.make CMakeFiles/cmTC_86716.dir/build
make[1]: ingresso nella directory «/media/aelysium/Progetti/DS/cmake-build-debug/CMakeFiles/CMakeTmp»
Building C object CMakeFiles/cmTC_86716.dir/CheckFunctionExists.c.o
/usr/bin/cc   -DCHECK_FUNCTION_EXISTS=pthread_create   -o CMakeFiles/cmTC_86716.dir/CheckFunctionExists.c.o   -c /snap/clion/126/bin/cmake/linux/share/cmake-3.17/Modules/CheckFunctionExists.c
Linking C executable cmTC_86716
/snap/clion/126/bin/cmake/linux/bin/cmake -E cmake_link_script CMakeFiles/cmTC_86716.dir/link.txt --verbose=1
/usr/bin/cc  -DCHECK_FUNCTION_EXISTS=pthread_create    -rdynamic CMakeFiles/cmTC_86716.dir/CheckFunctionExists.c.o  -o cmTC_86716  -lpthreads 
/usr/bin/ld: impossibile trovare -lpthreads
collect2: error: ld returned 1 exit status
make[1]: *** [CMakeFiles/cmTC_86716.dir/build.make:107: cmTC_86716] Errore 1
make[1]: uscita dalla directory «/media/aelysium/Progetti/DS/cmake-build-debug/CMakeFiles/CMakeTmp»
make: *** [Makefile:141: cmTC_86716/fast] Errore 2



